# JRE version: Java(TM) SE Runtime Environment (24.0.1+9) (build 24.0.1+9-30)
# Java VM: Java HotSpot(TM) 64-Bit Server VM (24.0.1+9-30, mixed mode, sharing, tiered, compressed oops, compressed class ptrs, g1 gc, windows-amd64)
GC Precious Log:
 CardTable entry size: 512
 Card Set container configuration: InlinePtr #cards 4 size 8 Array Of Cards #cards 16 size 48 Howl #buckets 8 coarsen threshold 3686 Howl Bitmap #cards 512 size 80 coarsen threshold 460 Card regions per heap region 1 cards per card region 4096
 CPUs: 8 total, 8 available
 Memory: 16167M
 Large Page Support: Disabled
 NUMA Support: Disabled
 Compressed Oops: Enabled (Zero based)
 Heap Region Size: 2M
 Heap Min Capacity: 8M
 Heap Initial Capacity: 254M
 Heap Max Capacity: 4042M
 Pre-touch: Disabled
 Parallel Workers: 8
 Concurrent Workers: 2
 Concurrent Refinement Workers: 8
 Periodic GC: Disabled
Heap:
 garbage-first heap   total reserved 4139008K, committed 116736K, used 59858K [0x0000000703600000, 0x0000000800000000)
  region size 2048K, 22 young (45056K), 2 survivors (4096K)
 Metaspace       used 28383K, committed 28672K, reserved 1114112K
  class space    used 2751K, committed 2880K, reserved 1048576K
GC Heap History (16 events):
Event: 2.174 GC heap before
{Heap before GC invocations=0 (full 0):
 garbage-first heap   total reserved 4139008K, committed 262144K, used 50292K [0x0000000703600000, 0x0000000800000000)
  region size 2048K, 24 young (49152K), 0 survivors (0K)
 Metaspace       used 9578K, committed 9792K, reserved 1114112K
  class space    used 872K, committed 960K, reserved 1048576K
}
Event: 2.182 GC heap after
{Heap after GC invocations=1 (full 0):
 garbage-first heap   total reserved 4139008K, committed 262144K, used 5663K [0x0000000703600000, 0x0000000800000000)
  region size 2048K, 3 young (6144K), 3 survivors (6144K)
 Metaspace       used 9578K, committed 9792K, reserved 1114112K
  class space    used 872K, committed 960K, reserved 1048576K
}
Event: 6.822 GC heap before
{Heap before GC invocations=1 (full 0):
 garbage-first heap   total reserved 4139008K, committed 262144K, used 118303K [0x0000000703600000, 0x0000000800000000)
  region size 2048K, 58 young (118784K), 3 survivors (6144K)
 Metaspace       used 19291K, committed 19584K, reserved 1114112K
  class space    used 1883K, committed 2048K, reserved 1048576K
}
Event: 6.841 GC heap after
{Heap after GC invocations=2 (full 0):
 garbage-first heap   total reserved 4139008K, committed 262144K, used 14696K [0x0000000703600000, 0x0000000800000000)
  region size 2048K, 7 young (14336K), 7 survivors (14336K)
 Metaspace       used 19291K, committed 19584K, reserved 1114112K
  class space    used 1883K, committed 2048K, reserved 1048576K
}
Event: 7.138 GC heap before
{Heap before GC invocations=2 (full 0):
 garbage-first heap   total reserved 4139008K, committed 262144K, used 18792K [0x0000000703600000, 0x0000000800000000)
  region size 2048K, 10 young (20480K), 7 survivors (14336K)
 Metaspace       used 21234K, committed 21504K, reserved 1114112K
  class space    used 2040K, committed 2176K, reserved 1048576K
}
Event: 7.153 GC heap after
{Heap after GC invocations=3 (full 0):
 garbage-first heap   total reserved 4139008K, committed 262144K, used 15570K [0x0000000703600000, 0x0000000800000000)
  region size 2048K, 5 young (10240K), 5 survivors (10240K)
 Metaspace       used 21234K, committed 21504K, reserved 1114112K
  class space    used 2040K, committed 2176K, reserved 1048576K
}
Event: 8.535 GC heap before
{Heap before GC invocations=4 (full 0):
 garbage-first heap   total reserved 4139008K, committed 61440K, used 58578K [0x0000000703600000, 0x0000000800000000)
  region size 2048K, 26 young (53248K), 5 survivors (10240K)
 Metaspace       used 25658K, committed 26048K, reserved 1114112K
  class space    used 2449K, committed 2624K, reserved 1048576K
}
Event: 8.556 GC heap after
{Heap after GC invocations=5 (full 0):
 garbage-first heap   total reserved 4139008K, committed 77824K, used 20203K [0x0000000703600000, 0x0000000800000000)
  region size 2048K, 8 young (16384K), 8 survivors (16384K)
 Metaspace       used 25658K, committed 26048K, reserved 1114112K
  class space    used 2449K, committed 2624K, reserved 1048576K
}
Event: 8.845 GC heap before
{Heap before GC invocations=5 (full 0):
 garbage-first heap   total reserved 4139008K, committed 77824K, used 48875K [0x0000000703600000, 0x0000000800000000)
  region size 2048K, 22 young (45056K), 8 survivors (16384K)
 Metaspace       used 25683K, committed 26048K, reserved 1114112K
  class space    used 2449K, committed 2624K, reserved 1048576K
}
Event: 8.872 GC heap after
{Heap after GC invocations=6 (full 0):
 garbage-first heap   total reserved 4139008K, committed 77824K, used 21810K [0x0000000703600000, 0x0000000800000000)
  region size 2048K, 2 young (4096K), 2 survivors (4096K)
 Metaspace       used 25683K, committed 26048K, reserved 1114112K
  class space    used 2449K, committed 2624K, reserved 1048576K
}
Event: 9.142 GC heap before
{Heap before GC invocations=6 (full 0):
 garbage-first heap   total reserved 4139008K, committed 77824K, used 56626K [0x0000000703600000, 0x0000000800000000)
  region size 2048K, 19 young (38912K), 2 survivors (4096K)
 Metaspace       used 25695K, committed 26048K, reserved 1114112K
  class space    used 2450K, committed 2624K, reserved 1048576K
}
Event: 9.155 GC heap after
{Heap after GC invocations=7 (full 0):
 garbage-first heap   total reserved 4139008K, committed 77824K, used 21759K [0x0000000703600000, 0x0000000800000000)
  region size 2048K, 2 young (4096K), 2 survivors (4096K)
 Metaspace       used 25695K, committed 26048K, reserved 1114112K
  class space    used 2450K, committed 2624K, reserved 1048576K
}
Event: 9.377 GC heap before
{Heap before GC invocations=7 (full 0):
 garbage-first heap   total reserved 4139008K, committed 77824K, used 58623K [0x0000000703600000, 0x0000000800000000)
  region size 2048K, 20 young (40960K), 2 survivors (4096K)
 Metaspace       used 25697K, committed 26048K, reserved 1114112K
  class space    used 2450K, committed 2624K, reserved 1048576K
}
Event: 9.387 GC heap after
{Heap after GC invocations=8 (full 0):
 garbage-first heap   total reserved 4139008K, committed 77824K, used 22637K [0x0000000703600000, 0x0000000800000000)
  region size 2048K, 2 young (4096K), 2 survivors (4096K)
 Metaspace       used 25697K, committed 26048K, reserved 1114112K
  class space    used 2450K, committed 2624K, reserved 1048576K
}
Event: 9.668 GC heap before
{Heap before GC invocations=8 (full 0):
 garbage-first heap   total reserved 4139008K, committed 77824K, used 59501K [0x0000000703600000, 0x0000000800000000)
  region size 2048K, 20 young (40960K), 2 survivors (4096K)
 Metaspace       used 25728K, committed 26048K, reserved 1114112K
  class space    used 2452K, committed 2624K, reserved 1048576K
}
Event: 9.679 GC heap after
{Heap after GC invocations=9 (full 0):
 garbage-first heap   total reserved 4139008K, committed 116736K, used 22994K [0x0000000703600000, 0x0000000800000000)
  region size 2048K, 2 young (4096K), 2 survivors (4096K)
 Metaspace       used 25728K, committed 26048K, reserved 1114112K
  class space    used 2452K, committed 2624K, reserved 1048576K
}

